<?xml version="1.0" encoding="UTF-8"?>
<!-- Generated by org.testng.reporters.JUnitXMLReporter -->
<testsuite ignored="0" hostname="WIN10H-75D3A6G1" failures="0" tests="5" name="Test" time="33.385" errors="0" timestamp="2020-05-09T15:13:14 IST">
  <testcase classname="Tests.GoogleSearch" name="sendText" time="1.574"/>
  <testcase classname="Tests.GoogleSearch" name="clickSearchButton" time="3.567"/>
  <testcase classname="Tests.PageActions" name="clickOnTabs" time="3.626"/>
  <testcase classname="Tests.PageActions" name="searchOnSomething" time="1.545"/>
  <testcase classname="Tests.DummyTest" name="testOnDummy" time="0.001"/>
</testsuite> <!-- Test -->
