<?xml version="1.0" encoding="UTF-8"?>
<testng-results ignored="0" total="5" passed="5" failed="0" skipped="0">
  <reporter-output>
  </reporter-output>
  <suite started-at="2020-05-09T15:12:40 IST" name="Suite" finished-at="2020-05-09T15:13:14 IST" duration-ms="33385">
    <groups>
    </groups>
    <test started-at="2020-05-09T15:12:40 IST" name="Test" finished-at="2020-05-09T15:13:14 IST" duration-ms="33385">
      <class name="Tests.PageActions">
        <test-method is-config="true" signature="beforeClass()[pri:0, instance:Tests.PageActions@49912c99]" started-at="2020-05-09T15:12:59 IST" name="beforeClass" finished-at="2020-05-09T15:13:08 IST" duration-ms="8364" status="PASS">
          <reporter-output>
          </reporter-output>
        </test-method> <!-- beforeClass -->
        <test-method signature="clickOnTabs()[pri:1, instance:Tests.PageActions@49912c99]" started-at="2020-05-09T15:13:08 IST" name="clickOnTabs" finished-at="2020-05-09T15:13:11 IST" duration-ms="3626" status="PASS">
          <reporter-output>
          </reporter-output>
        </test-method> <!-- clickOnTabs -->
        <test-method signature="searchOnSomething()[pri:2, instance:Tests.PageActions@49912c99]" started-at="2020-05-09T15:13:11 IST" name="searchOnSomething" finished-at="2020-05-09T15:13:13 IST" duration-ms="1545" status="PASS">
          <reporter-output>
          </reporter-output>
        </test-method> <!-- searchOnSomething -->
        <test-method is-config="true" signature="afterClass()[pri:0, instance:Tests.PageActions@49912c99]" started-at="2020-05-09T15:13:13 IST" name="afterClass" finished-at="2020-05-09T15:13:14 IST" duration-ms="1013" status="PASS">
          <reporter-output>
          </reporter-output>
        </test-method> <!-- afterClass -->
      </class> <!-- Tests.PageActions -->
      <class name="Tests.DummyTest">
        <test-method is-config="true" signature="beforeTest()[pri:0, instance:Tests.DummyTest@702b8b12]" started-at="2020-05-09T15:12:40 IST" name="beforeTest" finished-at="2020-05-09T15:12:40 IST" duration-ms="14" status="PASS">
          <reporter-output>
          </reporter-output>
        </test-method> <!-- beforeTest -->
        <test-method signature="testOnDummy()[pri:0, instance:Tests.DummyTest@702b8b12]" started-at="2020-05-09T15:13:14 IST" name="testOnDummy" finished-at="2020-05-09T15:13:14 IST" duration-ms="1" status="PASS">
          <reporter-output>
          </reporter-output>
        </test-method> <!-- testOnDummy -->
        <test-method is-config="true" signature="beforeClass()[pri:0, instance:Tests.DummyTest@702b8b12]" started-at="2020-05-09T15:13:14 IST" name="beforeClass" finished-at="2020-05-09T15:13:14 IST" duration-ms="0" status="PASS">
          <reporter-output>
          </reporter-output>
        </test-method> <!-- beforeClass -->
        <test-method is-config="true" signature="afterClass()[pri:0, instance:Tests.DummyTest@702b8b12]" started-at="2020-05-09T15:13:14 IST" name="afterClass" finished-at="2020-05-09T15:13:14 IST" duration-ms="1" status="PASS">
          <reporter-output>
          </reporter-output>
        </test-method> <!-- afterClass -->
        <test-method is-config="true" signature="afterTest()[pri:0, instance:Tests.DummyTest@702b8b12]" started-at="2020-05-09T15:13:14 IST" name="afterTest" finished-at="2020-05-09T15:13:14 IST" duration-ms="0" status="PASS">
          <reporter-output>
          </reporter-output>
        </test-method> <!-- afterTest -->
      </class> <!-- Tests.DummyTest -->
      <class name="Tests.GoogleSearch">
        <test-method is-config="true" signature="beforeClass()[pri:0, instance:Tests.GoogleSearch@22e357dc]" started-at="2020-05-09T15:12:41 IST" name="beforeClass" finished-at="2020-05-09T15:12:53 IST" duration-ms="12220" status="PASS">
          <reporter-output>
          </reporter-output>
        </test-method> <!-- beforeClass -->
        <test-method signature="sendText()[pri:1, instance:Tests.GoogleSearch@22e357dc]" started-at="2020-05-09T15:12:53 IST" name="sendText" finished-at="2020-05-09T15:12:54 IST" duration-ms="1574" status="PASS">
          <reporter-output>
          </reporter-output>
        </test-method> <!-- sendText -->
        <test-method signature="clickSearchButton()[pri:2, instance:Tests.GoogleSearch@22e357dc]" started-at="2020-05-09T15:12:54 IST" name="clickSearchButton" finished-at="2020-05-09T15:12:58 IST" duration-ms="3567" status="PASS">
          <reporter-output>
          </reporter-output>
        </test-method> <!-- clickSearchButton -->
        <test-method is-config="true" signature="afterClass()[pri:0, instance:Tests.GoogleSearch@22e357dc]" started-at="2020-05-09T15:12:58 IST" name="afterClass" finished-at="2020-05-09T15:12:59 IST" duration-ms="1391" status="PASS">
          <reporter-output>
          </reporter-output>
        </test-method> <!-- afterClass -->
      </class> <!-- Tests.GoogleSearch -->
    </test> <!-- Test -->
  </suite> <!-- Suite -->
</testng-results>
